<?xml version="1.0" encoding="UTF-8"?>
<coverage generated="1637945129390" clover="3.2.0">
  <project timestamp="1637945129390" name="All files">
    <metrics statements="180" coveredstatements="134" conditionals="32" coveredconditionals="11" methods="31" coveredmethods="19" elements="243" coveredelements="164" complexity="0" loc="180" ncloc="180" packages="5" files="13" classes="13"/>
    <package name="backend">
      <metrics statements="28" coveredstatements="27" conditionals="2" coveredconditionals="1" methods="2" coveredmethods="1"/>
      <file name="app.js" path="C:\Users\Lgkvi\Desktop\fs2021\blog\backend\app.js">
        <metrics statements="28" coveredstatements="27" conditionals="2" coveredconditionals="1" methods="2" coveredmethods="1"/>
        <line num="1" count="2" type="stmt"/>
        <line num="2" count="2" type="stmt"/>
        <line num="3" count="2" type="stmt"/>
        <line num="4" count="2" type="stmt"/>
        <line num="5" count="2" type="stmt"/>
        <line num="6" count="2" type="stmt"/>
        <line num="7" count="2" type="stmt"/>
        <line num="8" count="2" type="stmt"/>
        <line num="9" count="2" type="stmt"/>
        <line num="10" count="2" type="stmt"/>
        <line num="11" count="2" type="stmt"/>
        <line num="13" count="2" type="stmt"/>
        <line num="15" count="2" type="stmt"/>
        <line num="17" count="2" type="stmt"/>
        <line num="20" count="0" type="stmt"/>
        <line num="23" count="2" type="stmt"/>
        <line num="24" count="2" type="stmt"/>
        <line num="25" count="2" type="stmt"/>
        <line num="26" count="2" type="stmt"/>
        <line num="28" count="2" type="stmt"/>
        <line num="29" count="2" type="stmt"/>
        <line num="30" count="2" type="stmt"/>
        <line num="32" count="2" type="cond" truecount="1" falsecount="1"/>
        <line num="33" count="2" type="stmt"/>
        <line num="34" count="2" type="stmt"/>
        <line num="37" count="2" type="stmt"/>
        <line num="38" count="2" type="stmt"/>
        <line num="40" count="2" type="stmt"/>
      </file>
    </package>
    <package name="backend.controllers">
      <metrics statements="72" coveredstatements="41" conditionals="12" coveredconditionals="0" methods="13" coveredmethods="5"/>
      <file name="blogs.js" path="C:\Users\Lgkvi\Desktop\fs2021\blog\backend\controllers\blogs.js">
        <metrics statements="36" coveredstatements="18" conditionals="6" coveredconditionals="0" methods="8" coveredmethods="4"/>
        <line num="1" count="2" type="stmt"/>
        <line num="2" count="2" type="stmt"/>
        <line num="3" count="2" type="stmt"/>
        <line num="4" count="2" type="stmt"/>
        <line num="5" count="2" type="stmt"/>
        <line num="7" count="2" type="stmt"/>
        <line num="8" count="5" type="stmt"/>
        <line num="11" count="10" type="stmt"/>
        <line num="14" count="2" type="stmt"/>
        <line num="15" count="2" type="stmt"/>
        <line num="16" count="2" type="stmt"/>
        <line num="17" count="2" type="stmt"/>
        <line num="18" count="0" type="cond" truecount="0" falsecount="4"/>
        <line num="19" count="0" type="stmt"/>
        <line num="21" count="0" type="stmt"/>
        <line num="23" count="0" type="stmt"/>
        <line num="31" count="0" type="stmt"/>
        <line num="32" count="0" type="stmt"/>
        <line num="33" count="0" type="stmt"/>
        <line num="35" count="0" type="stmt"/>
        <line num="38" count="2" type="stmt"/>
        <line num="39" count="0" type="stmt"/>
        <line num="40" count="0" type="cond" truecount="0" falsecount="2"/>
        <line num="41" count="0" type="stmt"/>
        <line num="43" count="0" type="stmt"/>
        <line num="47" count="2" type="stmt"/>
        <line num="48" count="0" type="stmt"/>
        <line num="49" count="0" type="stmt"/>
        <line num="50" count="0" type="stmt"/>
        <line num="58" count="0" type="stmt"/>
        <line num="60" count="0" type="stmt"/>
        <line num="62" count="0" type="stmt"/>
        <line num="65" count="2" type="stmt"/>
        <line num="66" count="1" type="stmt"/>
        <line num="67" count="1" type="stmt"/>
        <line num="70" count="2" type="stmt"/>
      </file>
      <file name="login.js" path="C:\Users\Lgkvi\Desktop\fs2021\blog\backend\controllers\login.js">
        <metrics statements="14" coveredstatements="6" conditionals="6" coveredconditionals="0" methods="1" coveredmethods="0"/>
        <line num="1" count="2" type="stmt"/>
        <line num="2" count="2" type="stmt"/>
        <line num="3" count="2" type="stmt"/>
        <line num="4" count="2" type="stmt"/>
        <line num="6" count="2" type="stmt"/>
        <line num="7" count="0" type="stmt"/>
        <line num="9" count="0" type="stmt"/>
        <line num="10" count="0" type="cond" truecount="0" falsecount="2"/>
        <line num="14" count="0" type="cond" truecount="0" falsecount="4"/>
        <line num="15" count="0" type="stmt"/>
        <line num="20" count="0" type="stmt"/>
        <line num="25" count="0" type="stmt"/>
        <line num="27" count="0" type="stmt"/>
        <line num="32" count="2" type="stmt"/>
      </file>
      <file name="testing.js" path="C:\Users\Lgkvi\Desktop\fs2021\blog\backend\controllers\testing.js">
        <metrics statements="8" coveredstatements="5" conditionals="0" coveredconditionals="0" methods="1" coveredmethods="0"/>
        <line num="1" count="2" type="stmt"/>
        <line num="2" count="2" type="stmt"/>
        <line num="3" count="2" type="stmt"/>
        <line num="5" count="2" type="stmt"/>
        <line num="6" count="0" type="stmt"/>
        <line num="7" count="0" type="stmt"/>
        <line num="9" count="0" type="stmt"/>
        <line num="12" count="2" type="stmt"/>
      </file>
      <file name="users.js" path="C:\Users\Lgkvi\Desktop\fs2021\blog\backend\controllers\users.js">
        <metrics statements="14" coveredstatements="12" conditionals="0" coveredconditionals="0" methods="3" coveredmethods="1"/>
        <line num="1" count="2" type="stmt"/>
        <line num="2" count="2" type="stmt"/>
        <line num="3" count="2" type="stmt"/>
        <line num="5" count="2" type="stmt"/>
        <line num="6" count="2" type="stmt"/>
        <line num="8" count="2" type="stmt"/>
        <line num="9" count="2" type="stmt"/>
        <line num="11" count="2" type="stmt"/>
        <line num="17" count="2" type="stmt"/>
        <line num="19" count="1" type="stmt"/>
        <line num="22" count="2" type="stmt"/>
        <line num="23" count="0" type="stmt"/>
        <line num="26" count="0" type="stmt"/>
        <line num="29" count="2" type="stmt"/>
      </file>
    </package>
    <package name="backend.models">
      <metrics statements="16" coveredstatements="16" conditionals="0" coveredconditionals="0" methods="2" coveredmethods="2"/>
      <file name="blog.js" path="C:\Users\Lgkvi\Desktop\fs2021\blog\backend\models\blog.js">
        <metrics statements="7" coveredstatements="7" conditionals="0" coveredconditionals="0" methods="1" coveredmethods="1"/>
        <line num="1" count="2" type="stmt"/>
        <line num="3" count="2" type="stmt"/>
        <line num="21" count="2" type="stmt"/>
        <line num="23" count="13" type="stmt"/>
        <line num="24" count="13" type="stmt"/>
        <line num="25" count="13" type="stmt"/>
        <line num="29" count="2" type="stmt"/>
      </file>
      <file name="user.js" path="C:\Users\Lgkvi\Desktop\fs2021\blog\backend\models\user.js">
        <metrics statements="9" coveredstatements="9" conditionals="0" coveredconditionals="0" methods="1" coveredmethods="1"/>
        <line num="1" count="2" type="stmt"/>
        <line num="3" count="2" type="stmt"/>
        <line num="23" count="2" type="stmt"/>
        <line num="25" count="5" type="stmt"/>
        <line num="26" count="5" type="stmt"/>
        <line num="27" count="5" type="stmt"/>
        <line num="29" count="5" type="stmt"/>
        <line num="33" count="2" type="stmt"/>
        <line num="35" count="2" type="stmt"/>
      </file>
    </package>
    <package name="backend.tests">
      <metrics statements="22" coveredstatements="14" conditionals="0" coveredconditionals="0" methods="6" coveredmethods="4"/>
      <file name="test_helper.js" path="C:\Users\Lgkvi\Desktop\fs2021\blog\backend\tests\test_helper.js">
        <metrics statements="11" coveredstatements="7" conditionals="0" coveredconditionals="0" methods="3" coveredmethods="2"/>
        <line num="1" count="1" type="stmt"/>
        <line num="3" count="1" type="stmt"/>
        <line num="16" count="1" type="stmt"/>
        <line num="17" count="0" type="stmt"/>
        <line num="18" count="0" type="stmt"/>
        <line num="19" count="0" type="stmt"/>
        <line num="21" count="0" type="stmt"/>
        <line num="24" count="1" type="stmt"/>
        <line num="25" count="2" type="stmt"/>
        <line num="26" count="3" type="stmt"/>
        <line num="29" count="1" type="stmt"/>
      </file>
      <file name="users_helper.js" path="C:\Users\Lgkvi\Desktop\fs2021\blog\backend\tests\users_helper.js">
        <metrics statements="11" coveredstatements="7" conditionals="0" coveredconditionals="0" methods="3" coveredmethods="2"/>
        <line num="1" count="1" type="stmt"/>
        <line num="3" count="1" type="stmt"/>
        <line num="16" count="1" type="stmt"/>
        <line num="17" count="0" type="stmt"/>
        <line num="18" count="0" type="stmt"/>
        <line num="19" count="0" type="stmt"/>
        <line num="21" count="0" type="stmt"/>
        <line num="24" count="1" type="stmt"/>
        <line num="25" count="3" type="stmt"/>
        <line num="26" count="4" type="stmt"/>
        <line num="29" count="1" type="stmt"/>
      </file>
    </package>
    <package name="backend.utils">
      <metrics statements="42" coveredstatements="36" conditionals="18" coveredconditionals="10" methods="8" coveredmethods="7"/>
      <file name="config.js" path="C:\Users\Lgkvi\Desktop\fs2021\blog\backend\utils\config.js">
        <metrics statements="6" coveredstatements="6" conditionals="2" coveredconditionals="1" methods="0" coveredmethods="0"/>
        <line num="1" count="2" type="stmt"/>
        <line num="3" count="2" type="stmt"/>
        <line num="4" count="2" type="stmt"/>
        <line num="6" count="2" type="cond" truecount="1" falsecount="1"/>
        <line num="7" count="2" type="stmt"/>
        <line num="10" count="2" type="stmt"/>
      </file>
      <file name="list_helper.js" path="C:\Users\Lgkvi\Desktop\fs2021\blog\backend\utils\list_helper.js">
        <metrics statements="5" coveredstatements="5" conditionals="2" coveredconditionals="1" methods="2" coveredmethods="2"/>
        <line num="1" count="1" type="stmt"/>
        <line num="33" count="1" type="stmt"/>
        <line num="34" count="3" type="cond" truecount="1" falsecount="1"/>
        <line num="35" count="1" type="stmt"/>
        <line num="37" count="1" type="stmt"/>
      </file>
      <file name="logger.js" path="C:\Users\Lgkvi\Desktop\fs2021\blog\backend\utils\logger.js">
        <metrics statements="7" coveredstatements="5" conditionals="4" coveredconditionals="2" methods="2" coveredmethods="2"/>
        <line num="2" count="2" type="stmt"/>
        <line num="3" count="44" type="cond" truecount="1" falsecount="1"/>
        <line num="4" count="0" type="stmt"/>
        <line num="8" count="2" type="stmt"/>
        <line num="9" count="3" type="cond" truecount="1" falsecount="1"/>
        <line num="10" count="0" type="stmt"/>
        <line num="14" count="2" type="stmt"/>
      </file>
      <file name="middleware.js" path="C:\Users\Lgkvi\Desktop\fs2021\blog\backend\utils\middleware.js">
        <metrics statements="24" coveredstatements="20" conditionals="10" coveredconditionals="6" methods="4" coveredmethods="3"/>
        <line num="2" count="2" type="stmt"/>
        <line num="4" count="2" type="stmt"/>
        <line num="5" count="10" type="stmt"/>
        <line num="6" count="10" type="stmt"/>
        <line num="7" count="10" type="stmt"/>
        <line num="8" count="10" type="stmt"/>
        <line num="9" count="10" type="stmt"/>
        <line num="12" count="2" type="stmt"/>
        <line num="13" count="2" type="stmt"/>
        <line num="14" count="2" type="cond" truecount="2" falsecount="2"/>
        <line num="15" count="0" type="stmt"/>
        <line num="17" count="2" type="stmt"/>
        <line num="20" count="2" type="stmt"/>
        <line num="21" count="0" type="stmt"/>
        <line num="24" count="2" type="stmt"/>
        <line num="25" count="3" type="stmt"/>
        <line num="27" count="3" type="cond" truecount="1" falsecount="1"/>
        <line num="28" count="0" type="stmt"/>
        <line num="29" count="3" type="cond" truecount="1" falsecount="1"/>
        <line num="30" count="0" type="stmt"/>
        <line num="31" count="3" type="cond" truecount="2" falsecount="0"/>
        <line num="32" count="2" type="stmt"/>
        <line num="37" count="1" type="stmt"/>
        <line num="40" count="2" type="stmt"/>
      </file>
    </package>
  </project>
</coverage>
