{"C:\\Users\\Lgkvi\\Desktop\\fs2021\\blog\\backend\\app.js": {"path":"C:\\Users\\Lgkvi\\Desktop\\fs2021\\blog\\backend\\app.js","statementMap":{"0":{"start":{"line":1,"column":15},"end":{"line":1,"column":40}},"1":{"start":{"line":2,"column":16},"end":{"line":2,"column":34}},"2":{"start":{"line":3,"column":17},"end":{"line":3,"column":36}},"3":{"start":{"line":4,"column":12},"end":{"line":4,"column":21}},"4":{"start":{"line":5,"column":0},"end":{"line":5,"column":31}},"5":{"start":{"line":6,"column":13},"end":{"line":6,"column":28}},"6":{"start":{"line":7,"column":20},"end":{"line":7,"column":50}},"7":{"start":{"line":8,"column":20},"end":{"line":8,"column":50}},"8":{"start":{"line":9,"column":20},"end":{"line":9,"column":50}},"9":{"start":{"line":10,"column":19},"end":{"line":10,"column":48}},"10":{"start":{"line":11,"column":15},"end":{"line":11,"column":40}},"11":{"start":{"line":13,"column":0},"end":{"line":13,"column":48}},"12":{"start":{"line":15,"column":0},"end":{"line":21,"column":4}},"13":{"start":{"line":17,"column":4},"end":{"line":17,"column":39}},"14":{"start":{"line":20,"column":4},"end":{"line":20,"column":63}},"15":{"start":{"line":23,"column":0},"end":{"line":23,"column":15}},"16":{"start":{"line":24,"column":0},"end":{"line":24,"column":32}},"17":{"start":{"line":25,"column":0},"end":{"line":25,"column":23}},"18":{"start":{"line":26,"column":0},"end":{"line":26,"column":33}},"19":{"start":{"line":28,"column":0},"end":{"line":28,"column":30}},"20":{"start":{"line":29,"column":0},"end":{"line":29,"column":30}},"21":{"start":{"line":30,"column":0},"end":{"line":30,"column":30}},"22":{"start":{"line":32,"column":0},"end":{"line":35,"column":1}},"23":{"start":{"line":33,"column":24},"end":{"line":33,"column":56}},"24":{"start":{"line":34,"column":2},"end":{"line":34,"column":36}},"25":{"start":{"line":37,"column":0},"end":{"line":37,"column":35}},"26":{"start":{"line":38,"column":0},"end":{"line":38,"column":32}},"27":{"start":{"line":40,"column":0},"end":{"line":40,"column":20}}},"fnMap":{"0":{"name":"(anonymous_0)","decl":{"start":{"line":16,"column":8},"end":{"line":16,"column":9}},"loc":{"start":{"line":16,"column":14},"end":{"line":18,"column":3}},"line":16},"1":{"name":"(anonymous_1)","decl":{"start":{"line":19,"column":9},"end":{"line":19,"column":10}},"loc":{"start":{"line":19,"column":20},"end":{"line":21,"column":3}},"line":19}},"branchMap":{"0":{"loc":{"start":{"line":32,"column":0},"end":{"line":35,"column":1}},"type":"if","locations":[{"start":{"line":32,"column":0},"end":{"line":35,"column":1}},{"start":{},"end":{}}],"line":32}},"s":{"0":2,"1":2,"2":2,"3":2,"4":2,"5":2,"6":2,"7":2,"8":2,"9":2,"10":2,"11":2,"12":2,"13":2,"14":0,"15":2,"16":2,"17":2,"18":2,"19":2,"20":2,"21":2,"22":2,"23":2,"24":2,"25":2,"26":2,"27":2},"f":{"0":2,"1":0},"b":{"0":[2,0]},"_coverageSchema":"1a1c01bbd47fc00a2c39e90264f33305004495a9","hash":"14a8b4c8c68b59c5063d072d8c4a81245e0d8985"}
,"C:\\Users\\Lgkvi\\Desktop\\fs2021\\blog\\backend\\controllers\\blogs.js": {"path":"C:\\Users\\Lgkvi\\Desktop\\fs2021\\blog\\backend\\controllers\\blogs.js","statementMap":{"0":{"start":{"line":1,"column":20},"end":{"line":1,"column":47}},"1":{"start":{"line":2,"column":13},"end":{"line":2,"column":38}},"2":{"start":{"line":3,"column":13},"end":{"line":3,"column":38}},"3":{"start":{"line":4,"column":12},"end":{"line":4,"column":35}},"4":{"start":{"line":5,"column":19},"end":{"line":5,"column":49}},"5":{"start":{"line":7,"column":0},"end":{"line":12,"column":2}},"6":{"start":{"line":8,"column":16},"end":{"line":9,"column":56}},"7":{"start":{"line":11,"column":2},"end":{"line":11,"column":49}},"8":{"start":{"line":11,"column":34},"end":{"line":11,"column":47}},"9":{"start":{"line":14,"column":0},"end":{"line":36,"column":2}},"10":{"start":{"line":15,"column":15},"end":{"line":15,"column":27}},"11":{"start":{"line":16,"column":16},"end":{"line":16,"column":51}},"12":{"start":{"line":17,"column":23},"end":{"line":17,"column":60}},"13":{"start":{"line":18,"column":2},"end":{"line":20,"column":3}},"14":{"start":{"line":19,"column":4},"end":{"line":19,"column":75}},"15":{"start":{"line":21,"column":15},"end":{"line":21,"column":51}},"16":{"start":{"line":23,"column":15},"end":{"line":29,"column":4}},"17":{"start":{"line":31,"column":20},"end":{"line":31,"column":37}},"18":{"start":{"line":32,"column":2},"end":{"line":32,"column":47}},"19":{"start":{"line":33,"column":2},"end":{"line":33,"column":19}},"20":{"start":{"line":35,"column":2},"end":{"line":35,"column":35}},"21":{"start":{"line":38,"column":0},"end":{"line":45,"column":2}},"22":{"start":{"line":39,"column":15},"end":{"line":39,"column":53}},"23":{"start":{"line":40,"column":2},"end":{"line":44,"column":3}},"24":{"start":{"line":41,"column":4},"end":{"line":41,"column":32}},"25":{"start":{"line":43,"column":4},"end":{"line":43,"column":30}},"26":{"start":{"line":47,"column":0},"end":{"line":63,"column":2}},"27":{"start":{"line":48,"column":15},"end":{"line":48,"column":27}},"28":{"start":{"line":49,"column":2},"end":{"line":49,"column":19}},"29":{"start":{"line":50,"column":15},"end":{"line":56,"column":3}},"30":{"start":{"line":58,"column":2},"end":{"line":62,"column":32}},"31":{"start":{"line":60,"column":6},"end":{"line":60,"column":41}},"32":{"start":{"line":62,"column":20},"end":{"line":62,"column":31}},"33":{"start":{"line":65,"column":0},"end":{"line":68,"column":2}},"34":{"start":{"line":66,"column":2},"end":{"line":66,"column":49}},"35":{"start":{"line":67,"column":2},"end":{"line":67,"column":28}},"36":{"start":{"line":70,"column":0},"end":{"line":70,"column":28}}},"fnMap":{"0":{"name":"(anonymous_0)","decl":{"start":{"line":7,"column":21},"end":{"line":7,"column":22}},"loc":{"start":{"line":7,"column":50},"end":{"line":12,"column":1}},"line":7},"1":{"name":"(anonymous_1)","decl":{"start":{"line":11,"column":26},"end":{"line":11,"column":27}},"loc":{"start":{"line":11,"column":34},"end":{"line":11,"column":47}},"line":11},"2":{"name":"(anonymous_2)","decl":{"start":{"line":14,"column":22},"end":{"line":14,"column":23}},"loc":{"start":{"line":14,"column":51},"end":{"line":36,"column":1}},"line":14},"3":{"name":"(anonymous_3)","decl":{"start":{"line":38,"column":24},"end":{"line":38,"column":25}},"loc":{"start":{"line":38,"column":53},"end":{"line":45,"column":1}},"line":38},"4":{"name":"(anonymous_4)","decl":{"start":{"line":47,"column":24},"end":{"line":47,"column":25}},"loc":{"start":{"line":47,"column":53},"end":{"line":63,"column":1}},"line":47},"5":{"name":"(anonymous_5)","decl":{"start":{"line":59,"column":10},"end":{"line":59,"column":11}},"loc":{"start":{"line":59,"column":25},"end":{"line":61,"column":5}},"line":59},"6":{"name":"(anonymous_6)","decl":{"start":{"line":62,"column":11},"end":{"line":62,"column":12}},"loc":{"start":{"line":62,"column":20},"end":{"line":62,"column":31}},"line":62},"7":{"name":"(anonymous_7)","decl":{"start":{"line":65,"column":27},"end":{"line":65,"column":28}},"loc":{"start":{"line":65,"column":56},"end":{"line":68,"column":1}},"line":65}},"branchMap":{"0":{"loc":{"start":{"line":18,"column":2},"end":{"line":20,"column":3}},"type":"if","locations":[{"start":{"line":18,"column":2},"end":{"line":20,"column":3}},{"start":{},"end":{}}],"line":18},"1":{"loc":{"start":{"line":18,"column":6},"end":{"line":18,"column":32}},"type":"binary-expr","locations":[{"start":{"line":18,"column":6},"end":{"line":18,"column":12}},{"start":{"line":18,"column":16},"end":{"line":18,"column":32}}],"line":18},"2":{"loc":{"start":{"line":40,"column":2},"end":{"line":44,"column":3}},"type":"if","locations":[{"start":{"line":40,"column":2},"end":{"line":44,"column":3}},{"start":{"line":42,"column":9},"end":{"line":44,"column":3}}],"line":40}},"s":{"0":2,"1":2,"2":2,"3":2,"4":2,"5":2,"6":5,"7":5,"8":10,"9":2,"10":2,"11":2,"12":2,"13":0,"14":0,"15":0,"16":0,"17":0,"18":0,"19":0,"20":0,"21":2,"22":0,"23":0,"24":0,"25":0,"26":2,"27":0,"28":0,"29":0,"30":0,"31":0,"32":0,"33":2,"34":1,"35":1,"36":2},"f":{"0":5,"1":10,"2":2,"3":0,"4":0,"5":0,"6":0,"7":1},"b":{"0":[0,0],"1":[0,0],"2":[0,0]},"_coverageSchema":"1a1c01bbd47fc00a2c39e90264f33305004495a9","hash":"9aa14af8fb5f3bfc7dca3f3d13688cbac6ea05e7"}
,"C:\\Users\\Lgkvi\\Desktop\\fs2021\\blog\\backend\\controllers\\login.js": {"path":"C:\\Users\\Lgkvi\\Desktop\\fs2021\\blog\\backend\\controllers\\login.js","statementMap":{"0":{"start":{"line":1,"column":12},"end":{"line":1,"column":35}},"1":{"start":{"line":2,"column":15},"end":{"line":2,"column":32}},"2":{"start":{"line":3,"column":20},"end":{"line":3,"column":47}},"3":{"start":{"line":4,"column":13},"end":{"line":4,"column":38}},"4":{"start":{"line":6,"column":0},"end":{"line":30,"column":2}},"5":{"start":{"line":7,"column":15},"end":{"line":7,"column":27}},"6":{"start":{"line":9,"column":15},"end":{"line":9,"column":62}},"7":{"start":{"line":10,"column":26},"end":{"line":12,"column":60}},"8":{"start":{"line":14,"column":2},"end":{"line":18,"column":3}},"9":{"start":{"line":15,"column":4},"end":{"line":17,"column":6}},"10":{"start":{"line":20,"column":23},"end":{"line":23,"column":3}},"11":{"start":{"line":25,"column":16},"end":{"line":25,"column":58}},"12":{"start":{"line":27,"column":2},"end":{"line":29,"column":62}},"13":{"start":{"line":32,"column":0},"end":{"line":32,"column":28}}},"fnMap":{"0":{"name":"(anonymous_0)","decl":{"start":{"line":6,"column":22},"end":{"line":6,"column":23}},"loc":{"start":{"line":6,"column":51},"end":{"line":30,"column":1}},"line":6}},"branchMap":{"0":{"loc":{"start":{"line":10,"column":26},"end":{"line":12,"column":60}},"type":"cond-expr","locations":[{"start":{"line":11,"column":6},"end":{"line":11,"column":11}},{"start":{"line":12,"column":6},"end":{"line":12,"column":60}}],"line":10},"1":{"loc":{"start":{"line":14,"column":2},"end":{"line":18,"column":3}},"type":"if","locations":[{"start":{"line":14,"column":2},"end":{"line":18,"column":3}},{"start":{},"end":{}}],"line":14},"2":{"loc":{"start":{"line":14,"column":8},"end":{"line":14,"column":31}},"type":"binary-expr","locations":[{"start":{"line":14,"column":8},"end":{"line":14,"column":12}},{"start":{"line":14,"column":16},"end":{"line":14,"column":31}}],"line":14}},"s":{"0":2,"1":2,"2":2,"3":2,"4":2,"5":0,"6":0,"7":0,"8":0,"9":0,"10":0,"11":0,"12":0,"13":2},"f":{"0":0},"b":{"0":[0,0],"1":[0,0],"2":[0,0]},"_coverageSchema":"1a1c01bbd47fc00a2c39e90264f33305004495a9","hash":"fd71341c20a53135010dae7c9fad88adabfbd9fb"}
,"C:\\Users\\Lgkvi\\Desktop\\fs2021\\blog\\backend\\controllers\\testing.js": {"path":"C:\\Users\\Lgkvi\\Desktop\\fs2021\\blog\\backend\\controllers\\testing.js","statementMap":{"0":{"start":{"line":1,"column":15},"end":{"line":1,"column":42}},"1":{"start":{"line":2,"column":13},"end":{"line":2,"column":38}},"2":{"start":{"line":3,"column":13},"end":{"line":3,"column":38}},"3":{"start":{"line":5,"column":0},"end":{"line":10,"column":2}},"4":{"start":{"line":6,"column":2},"end":{"line":6,"column":27}},"5":{"start":{"line":7,"column":2},"end":{"line":7,"column":27}},"6":{"start":{"line":9,"column":2},"end":{"line":9,"column":28}},"7":{"start":{"line":12,"column":0},"end":{"line":12,"column":23}}},"fnMap":{"0":{"name":"(anonymous_0)","decl":{"start":{"line":5,"column":22},"end":{"line":5,"column":23}},"loc":{"start":{"line":5,"column":51},"end":{"line":10,"column":1}},"line":5}},"branchMap":{},"s":{"0":2,"1":2,"2":2,"3":2,"4":0,"5":0,"6":0,"7":2},"f":{"0":0},"b":{},"_coverageSchema":"1a1c01bbd47fc00a2c39e90264f33305004495a9","hash":"836657b666ba30978bad03f3ea885ea9e66ab326"}
,"C:\\Users\\Lgkvi\\Desktop\\fs2021\\blog\\backend\\controllers\\users.js": {"path":"C:\\Users\\Lgkvi\\Desktop\\fs2021\\blog\\backend\\controllers\\users.js","statementMap":{"0":{"start":{"line":1,"column":15},"end":{"line":1,"column":32}},"1":{"start":{"line":2,"column":20},"end":{"line":2,"column":47}},"2":{"start":{"line":3,"column":13},"end":{"line":3,"column":38}},"3":{"start":{"line":5,"column":0},"end":{"line":20,"column":2}},"4":{"start":{"line":6,"column":15},"end":{"line":6,"column":27}},"5":{"start":{"line":8,"column":21},"end":{"line":8,"column":23}},"6":{"start":{"line":9,"column":23},"end":{"line":9,"column":67}},"7":{"start":{"line":11,"column":15},"end":{"line":15,"column":4}},"8":{"start":{"line":17,"column":20},"end":{"line":17,"column":37}},"9":{"start":{"line":19,"column":2},"end":{"line":19,"column":26}},"10":{"start":{"line":22,"column":0},"end":{"line":27,"column":2}},"11":{"start":{"line":23,"column":16},"end":{"line":24,"column":32}},"12":{"start":{"line":26,"column":2},"end":{"line":26,"column":43}},"13":{"start":{"line":26,"column":31},"end":{"line":26,"column":41}},"14":{"start":{"line":29,"column":0},"end":{"line":29,"column":28}}},"fnMap":{"0":{"name":"(anonymous_0)","decl":{"start":{"line":5,"column":22},"end":{"line":5,"column":23}},"loc":{"start":{"line":5,"column":51},"end":{"line":20,"column":1}},"line":5},"1":{"name":"(anonymous_1)","decl":{"start":{"line":22,"column":21},"end":{"line":22,"column":22}},"loc":{"start":{"line":22,"column":50},"end":{"line":27,"column":1}},"line":22},"2":{"name":"(anonymous_2)","decl":{"start":{"line":26,"column":26},"end":{"line":26,"column":27}},"loc":{"start":{"line":26,"column":31},"end":{"line":26,"column":41}},"line":26}},"branchMap":{},"s":{"0":2,"1":2,"2":2,"3":2,"4":2,"5":2,"6":2,"7":2,"8":2,"9":1,"10":2,"11":0,"12":0,"13":0,"14":2},"f":{"0":2,"1":0,"2":0},"b":{},"_coverageSchema":"1a1c01bbd47fc00a2c39e90264f33305004495a9","hash":"68581a910c25e4393bab3c6786cce6ebb6cd5810"}
,"C:\\Users\\Lgkvi\\Desktop\\fs2021\\blog\\backend\\models\\blog.js": {"path":"C:\\Users\\Lgkvi\\Desktop\\fs2021\\blog\\backend\\models\\blog.js","statementMap":{"0":{"start":{"line":1,"column":17},"end":{"line":1,"column":36}},"1":{"start":{"line":3,"column":19},"end":{"line":19,"column":4}},"2":{"start":{"line":21,"column":0},"end":{"line":27,"column":2}},"3":{"start":{"line":23,"column":4},"end":{"line":23,"column":53}},"4":{"start":{"line":24,"column":4},"end":{"line":24,"column":29}},"5":{"start":{"line":25,"column":4},"end":{"line":25,"column":29}},"6":{"start":{"line":29,"column":0},"end":{"line":29,"column":51}}},"fnMap":{"0":{"name":"(anonymous_0)","decl":{"start":{"line":22,"column":13},"end":{"line":22,"column":14}},"loc":{"start":{"line":22,"column":43},"end":{"line":26,"column":3}},"line":22}},"branchMap":{},"s":{"0":2,"1":2,"2":2,"3":13,"4":13,"5":13,"6":2},"f":{"0":13},"b":{},"_coverageSchema":"1a1c01bbd47fc00a2c39e90264f33305004495a9","hash":"85384dc3b2930e31551f3dadc99d5d6979533fb5"}
,"C:\\Users\\Lgkvi\\Desktop\\fs2021\\blog\\backend\\models\\user.js": {"path":"C:\\Users\\Lgkvi\\Desktop\\fs2021\\blog\\backend\\models\\user.js","statementMap":{"0":{"start":{"line":1,"column":17},"end":{"line":1,"column":36}},"1":{"start":{"line":3,"column":19},"end":{"line":20,"column":2}},"2":{"start":{"line":23,"column":0},"end":{"line":31,"column":2}},"3":{"start":{"line":25,"column":4},"end":{"line":25,"column":53}},"4":{"start":{"line":26,"column":4},"end":{"line":26,"column":29}},"5":{"start":{"line":27,"column":4},"end":{"line":27,"column":29}},"6":{"start":{"line":29,"column":4},"end":{"line":29,"column":38}},"7":{"start":{"line":33,"column":13},"end":{"line":33,"column":47}},"8":{"start":{"line":35,"column":0},"end":{"line":35,"column":21}}},"fnMap":{"0":{"name":"(anonymous_0)","decl":{"start":{"line":24,"column":13},"end":{"line":24,"column":14}},"loc":{"start":{"line":24,"column":43},"end":{"line":30,"column":3}},"line":24}},"branchMap":{},"s":{"0":2,"1":2,"2":2,"3":5,"4":5,"5":5,"6":5,"7":2,"8":2},"f":{"0":5},"b":{},"_coverageSchema":"1a1c01bbd47fc00a2c39e90264f33305004495a9","hash":"e3b28821f519b624840f97fa0da8a9d46fb10fcf"}
,"C:\\Users\\Lgkvi\\Desktop\\fs2021\\blog\\backend\\tests\\test_helper.js": {"path":"C:\\Users\\Lgkvi\\Desktop\\fs2021\\blog\\backend\\tests\\test_helper.js","statementMap":{"0":{"start":{"line":1,"column":13},"end":{"line":1,"column":38}},"1":{"start":{"line":3,"column":21},"end":{"line":14,"column":1}},"2":{"start":{"line":16,"column":22},"end":{"line":22,"column":1}},"3":{"start":{"line":17,"column":15},"end":{"line":17,"column":100}},"4":{"start":{"line":18,"column":2},"end":{"line":18,"column":19}},"5":{"start":{"line":19,"column":2},"end":{"line":19,"column":21}},"6":{"start":{"line":21,"column":2},"end":{"line":21,"column":28}},"7":{"start":{"line":24,"column":18},"end":{"line":27,"column":1}},"8":{"start":{"line":25,"column":16},"end":{"line":25,"column":35}},"9":{"start":{"line":26,"column":2},"end":{"line":26,"column":41}},"10":{"start":{"line":26,"column":27},"end":{"line":26,"column":40}},"11":{"start":{"line":29,"column":0},"end":{"line":31,"column":1}}},"fnMap":{"0":{"name":"(anonymous_0)","decl":{"start":{"line":16,"column":22},"end":{"line":16,"column":23}},"loc":{"start":{"line":16,"column":34},"end":{"line":22,"column":1}},"line":16},"1":{"name":"(anonymous_1)","decl":{"start":{"line":24,"column":18},"end":{"line":24,"column":19}},"loc":{"start":{"line":24,"column":30},"end":{"line":27,"column":1}},"line":24},"2":{"name":"(anonymous_2)","decl":{"start":{"line":26,"column":19},"end":{"line":26,"column":20}},"loc":{"start":{"line":26,"column":27},"end":{"line":26,"column":40}},"line":26}},"branchMap":{},"s":{"0":1,"1":1,"2":1,"3":0,"4":0,"5":0,"6":0,"7":1,"8":2,"9":2,"10":3,"11":1},"f":{"0":0,"1":2,"2":3},"b":{},"_coverageSchema":"1a1c01bbd47fc00a2c39e90264f33305004495a9","hash":"2d2718fceefd885e6fa48d528f734204f10463bd"}
,"C:\\Users\\Lgkvi\\Desktop\\fs2021\\blog\\backend\\tests\\users_helper.js": {"path":"C:\\Users\\Lgkvi\\Desktop\\fs2021\\blog\\backend\\tests\\users_helper.js","statementMap":{"0":{"start":{"line":1,"column":13},"end":{"line":1,"column":38}},"1":{"start":{"line":3,"column":21},"end":{"line":14,"column":1}},"2":{"start":{"line":16,"column":22},"end":{"line":22,"column":1}},"3":{"start":{"line":17,"column":15},"end":{"line":17,"column":100}},"4":{"start":{"line":18,"column":2},"end":{"line":18,"column":19}},"5":{"start":{"line":19,"column":2},"end":{"line":19,"column":21}},"6":{"start":{"line":21,"column":2},"end":{"line":21,"column":28}},"7":{"start":{"line":24,"column":18},"end":{"line":27,"column":1}},"8":{"start":{"line":25,"column":16},"end":{"line":25,"column":35}},"9":{"start":{"line":26,"column":2},"end":{"line":26,"column":41}},"10":{"start":{"line":26,"column":27},"end":{"line":26,"column":40}},"11":{"start":{"line":29,"column":0},"end":{"line":31,"column":1}}},"fnMap":{"0":{"name":"(anonymous_0)","decl":{"start":{"line":16,"column":22},"end":{"line":16,"column":23}},"loc":{"start":{"line":16,"column":34},"end":{"line":22,"column":1}},"line":16},"1":{"name":"(anonymous_1)","decl":{"start":{"line":24,"column":18},"end":{"line":24,"column":19}},"loc":{"start":{"line":24,"column":30},"end":{"line":27,"column":1}},"line":24},"2":{"name":"(anonymous_2)","decl":{"start":{"line":26,"column":19},"end":{"line":26,"column":20}},"loc":{"start":{"line":26,"column":27},"end":{"line":26,"column":40}},"line":26}},"branchMap":{},"s":{"0":1,"1":1,"2":1,"3":0,"4":0,"5":0,"6":0,"7":1,"8":3,"9":3,"10":4,"11":1},"f":{"0":0,"1":3,"2":4},"b":{},"_coverageSchema":"1a1c01bbd47fc00a2c39e90264f33305004495a9","hash":"032cff0d3ba99925c54758a2169b4b5b6de10a70"}
,"C:\\Users\\Lgkvi\\Desktop\\fs2021\\blog\\backend\\utils\\config.js": {"path":"C:\\Users\\Lgkvi\\Desktop\\fs2021\\blog\\backend\\utils\\config.js","statementMap":{"0":{"start":{"line":1,"column":0},"end":{"line":1,"column":26}},"1":{"start":{"line":3,"column":11},"end":{"line":3,"column":27}},"2":{"start":{"line":4,"column":18},"end":{"line":4,"column":41}},"3":{"start":{"line":6,"column":0},"end":{"line":8,"column":1}},"4":{"start":{"line":7,"column":2},"end":{"line":7,"column":44}},"5":{"start":{"line":10,"column":0},"end":{"line":13,"column":1}}},"fnMap":{},"branchMap":{"0":{"loc":{"start":{"line":6,"column":0},"end":{"line":8,"column":1}},"type":"if","locations":[{"start":{"line":6,"column":0},"end":{"line":8,"column":1}},{"start":{},"end":{}}],"line":6}},"s":{"0":2,"1":2,"2":2,"3":2,"4":2,"5":2},"f":{},"b":{"0":[2,0]},"_coverageSchema":"1a1c01bbd47fc00a2c39e90264f33305004495a9","hash":"e4bcfbcf3724de56fe990a2b8b348a842d4e0bef"}
,"C:\\Users\\Lgkvi\\Desktop\\fs2021\\blog\\backend\\utils\\list_helper.js": {"path":"C:\\Users\\Lgkvi\\Desktop\\fs2021\\blog\\backend\\utils\\list_helper.js","statementMap":{"0":{"start":{"line":1,"column":17},"end":{"line":1,"column":36}},"1":{"start":{"line":33,"column":26},"end":{"line":36,"column":5}},"2":{"start":{"line":34,"column":21},"end":{"line":34,"column":74}},"3":{"start":{"line":34,"column":48},"end":{"line":34,"column":73}},"4":{"start":{"line":35,"column":8},"end":{"line":35,"column":26}},"5":{"start":{"line":37,"column":4},"end":{"line":39,"column":13}}},"fnMap":{"0":{"name":"(anonymous_0)","decl":{"start":{"line":33,"column":26},"end":{"line":33,"column":27}},"loc":{"start":{"line":33,"column":42},"end":{"line":36,"column":5}},"line":33},"1":{"name":"(anonymous_1)","decl":{"start":{"line":34,"column":39},"end":{"line":34,"column":40}},"loc":{"start":{"line":34,"column":48},"end":{"line":34,"column":73}},"line":34}},"branchMap":{"0":{"loc":{"start":{"line":34,"column":48},"end":{"line":34,"column":73}},"type":"cond-expr","locations":[{"start":{"line":34,"column":68},"end":{"line":34,"column":69}},{"start":{"line":34,"column":72},"end":{"line":34,"column":73}}],"line":34}},"s":{"0":1,"1":1,"2":1,"3":3,"4":1,"5":1},"f":{"0":1,"1":3},"b":{"0":[3,0]},"_coverageSchema":"1a1c01bbd47fc00a2c39e90264f33305004495a9","hash":"e03db7b16f0c179258adca99f8346654957dd961"}
,"C:\\Users\\Lgkvi\\Desktop\\fs2021\\blog\\backend\\utils\\logger.js": {"path":"C:\\Users\\Lgkvi\\Desktop\\fs2021\\blog\\backend\\utils\\logger.js","statementMap":{"0":{"start":{"line":2,"column":13},"end":{"line":6,"column":1}},"1":{"start":{"line":3,"column":2},"end":{"line":5,"column":3}},"2":{"start":{"line":4,"column":4},"end":{"line":4,"column":26}},"3":{"start":{"line":8,"column":14},"end":{"line":12,"column":1}},"4":{"start":{"line":9,"column":2},"end":{"line":11,"column":3}},"5":{"start":{"line":10,"column":4},"end":{"line":10,"column":28}},"6":{"start":{"line":14,"column":0},"end":{"line":16,"column":1}}},"fnMap":{"0":{"name":"(anonymous_0)","decl":{"start":{"line":2,"column":13},"end":{"line":2,"column":14}},"loc":{"start":{"line":2,"column":28},"end":{"line":6,"column":1}},"line":2},"1":{"name":"(anonymous_1)","decl":{"start":{"line":8,"column":14},"end":{"line":8,"column":15}},"loc":{"start":{"line":8,"column":29},"end":{"line":12,"column":1}},"line":8}},"branchMap":{"0":{"loc":{"start":{"line":3,"column":2},"end":{"line":5,"column":3}},"type":"if","locations":[{"start":{"line":3,"column":2},"end":{"line":5,"column":3}},{"start":{},"end":{}}],"line":3},"1":{"loc":{"start":{"line":9,"column":2},"end":{"line":11,"column":3}},"type":"if","locations":[{"start":{"line":9,"column":2},"end":{"line":11,"column":3}},{"start":{},"end":{}}],"line":9}},"s":{"0":2,"1":44,"2":0,"3":2,"4":3,"5":0,"6":2},"f":{"0":44,"1":3},"b":{"0":[0,44],"1":[0,3]},"_coverageSchema":"1a1c01bbd47fc00a2c39e90264f33305004495a9","hash":"9edc0e8f81cc7383e7729f898c7cfbc0a05a3780"}
,"C:\\Users\\Lgkvi\\Desktop\\fs2021\\blog\\backend\\utils\\middleware.js": {"path":"C:\\Users\\Lgkvi\\Desktop\\fs2021\\blog\\backend\\utils\\middleware.js","statementMap":{"0":{"start":{"line":2,"column":15},"end":{"line":2,"column":34}},"1":{"start":{"line":4,"column":22},"end":{"line":10,"column":1}},"2":{"start":{"line":5,"column":2},"end":{"line":5,"column":40}},"3":{"start":{"line":6,"column":2},"end":{"line":6,"column":38}},"4":{"start":{"line":7,"column":2},"end":{"line":7,"column":38}},"5":{"start":{"line":8,"column":2},"end":{"line":8,"column":20}},"6":{"start":{"line":9,"column":2},"end":{"line":9,"column":8}},"7":{"start":{"line":12,"column":24},"end":{"line":18,"column":1}},"8":{"start":{"line":13,"column":24},"end":{"line":13,"column":52}},"9":{"start":{"line":14,"column":2},"end":{"line":16,"column":3}},"10":{"start":{"line":15,"column":4},"end":{"line":15,"column":37}},"11":{"start":{"line":17,"column":2},"end":{"line":17,"column":13}},"12":{"start":{"line":20,"column":24},"end":{"line":22,"column":1}},"13":{"start":{"line":21,"column":2},"end":{"line":21,"column":58}},"14":{"start":{"line":24,"column":21},"end":{"line":38,"column":1}},"15":{"start":{"line":25,"column":2},"end":{"line":25,"column":29}},"16":{"start":{"line":27,"column":2},"end":{"line":35,"column":3}},"17":{"start":{"line":28,"column":4},"end":{"line":28,"column":66}},"18":{"start":{"line":29,"column":9},"end":{"line":35,"column":3}},"19":{"start":{"line":30,"column":4},"end":{"line":30,"column":62}},"20":{"start":{"line":31,"column":9},"end":{"line":35,"column":3}},"21":{"start":{"line":32,"column":4},"end":{"line":34,"column":6}},"22":{"start":{"line":37,"column":2},"end":{"line":37,"column":13}},"23":{"start":{"line":40,"column":0},"end":{"line":45,"column":1}}},"fnMap":{"0":{"name":"(anonymous_0)","decl":{"start":{"line":4,"column":22},"end":{"line":4,"column":23}},"loc":{"start":{"line":4,"column":51},"end":{"line":10,"column":1}},"line":4},"1":{"name":"(anonymous_1)","decl":{"start":{"line":12,"column":24},"end":{"line":12,"column":25}},"loc":{"start":{"line":12,"column":35},"end":{"line":18,"column":1}},"line":12},"2":{"name":"(anonymous_2)","decl":{"start":{"line":20,"column":24},"end":{"line":20,"column":25}},"loc":{"start":{"line":20,"column":47},"end":{"line":22,"column":1}},"line":20},"3":{"name":"(anonymous_3)","decl":{"start":{"line":24,"column":21},"end":{"line":24,"column":22}},"loc":{"start":{"line":24,"column":57},"end":{"line":38,"column":1}},"line":24}},"branchMap":{"0":{"loc":{"start":{"line":14,"column":2},"end":{"line":16,"column":3}},"type":"if","locations":[{"start":{"line":14,"column":2},"end":{"line":16,"column":3}},{"start":{},"end":{}}],"line":14},"1":{"loc":{"start":{"line":14,"column":6},"end":{"line":14,"column":72}},"type":"binary-expr","locations":[{"start":{"line":14,"column":6},"end":{"line":14,"column":19}},{"start":{"line":14,"column":23},"end":{"line":14,"column":72}}],"line":14},"2":{"loc":{"start":{"line":27,"column":2},"end":{"line":35,"column":3}},"type":"if","locations":[{"start":{"line":27,"column":2},"end":{"line":35,"column":3}},{"start":{"line":29,"column":9},"end":{"line":35,"column":3}}],"line":27},"3":{"loc":{"start":{"line":29,"column":9},"end":{"line":35,"column":3}},"type":"if","locations":[{"start":{"line":29,"column":9},"end":{"line":35,"column":3}},{"start":{"line":31,"column":9},"end":{"line":35,"column":3}}],"line":29},"4":{"loc":{"start":{"line":31,"column":9},"end":{"line":35,"column":3}},"type":"if","locations":[{"start":{"line":31,"column":9},"end":{"line":35,"column":3}},{"start":{},"end":{}}],"line":31}},"s":{"0":2,"1":2,"2":10,"3":10,"4":10,"5":10,"6":10,"7":2,"8":2,"9":2,"10":0,"11":2,"12":2,"13":0,"14":2,"15":3,"16":3,"17":0,"18":3,"19":0,"20":3,"21":2,"22":1,"23":2},"f":{"0":10,"1":2,"2":0,"3":3},"b":{"0":[0,2],"1":[2,0],"2":[0,3],"3":[0,3],"4":[2,1]},"_coverageSchema":"1a1c01bbd47fc00a2c39e90264f33305004495a9","hash":"b815acedd6cb1f7da194cdf462eab93996f1bfed"}
}
